Started GET "/" for 127.0.0.1 at 2019-03-04 11:55:50 +0900
Processing by Rails::WelcomeController#index as HTML
  Rendering vendor/bundle/ruby/2.5.0/gems/railties-5.2.1/lib/rails/templates/rails/welcome/index.html.erb
  Rendered vendor/bundle/ruby/2.5.0/gems/railties-5.2.1/lib/rails/templates/rails/welcome/index.html.erb (4.0ms)
Completed 200 OK in 22ms (Views: 11.5ms | ActiveRecord: 0.0ms)


Started GET "/calcs/4/addition/5" for 127.0.0.1 at 2019-03-04 11:56:07 +0900
Processing by CalcsController#addition as HTML
  Parameters: {"number"=>"5"}
  Rendering calcs/addition.html.erb within layouts/application
  Rendered calcs/addition.html.erb within layouts/application (0.4ms)
Completed 200 OK in 596ms (Views: 592.9ms | ActiveRecord: 0.0ms)


Started GET "/calcs/4/addition/5" for 127.0.0.1 at 2019-03-04 11:56:43 +0900
Processing by CalcsController#addition as HTML
  Parameters: {"number"=>"5"}
  Rendering calcs/addition.html.erb within layouts/application
  Rendered calcs/addition.html.erb within layouts/application (0.5ms)
Completed 200 OK in 28ms (Views: 25.2ms | ActiveRecord: 0.0ms)


Started GET "/calcs/4/addition/5" for 127.0.0.1 at 2019-03-04 11:58:05 +0900
Processing by CalcsController#addition as HTML
  Parameters: {"number_one"=>"4", "number_two"=>"5"}
  Rendering calcs/addition.html.erb within layouts/application
  Rendered calcs/addition.html.erb within layouts/application (0.3ms)
Completed 200 OK in 27ms (Views: 25.0ms | ActiveRecord: 0.0ms)


Started GET "/calcs/4/addition/5" for 127.0.0.1 at 2019-03-04 11:58:56 +0900
Processing by CalcsController#addition as HTML
  Parameters: {"number_one"=>"4", "number_two"=>"5"}
  Rendering calcs/addition.html.erb within layouts/application
  Rendered calcs/addition.html.erb within layouts/application (0.4ms)
Completed 200 OK in 20ms (Views: 18.7ms | ActiveRecord: 0.0ms)


Started GET "/calcs/4/addition/5" for 127.0.0.1 at 2019-03-04 11:59:16 +0900
Processing by CalcsController#addition as HTML
  Parameters: {"number_one"=>"4", "number_two"=>"5"}
  Rendering calcs/addition.html.erb within layouts/application
  Rendered calcs/addition.html.erb within layouts/application (0.3ms)
Completed 200 OK in 21ms (Views: 18.5ms | ActiveRecord: 0.0ms)


Started GET "/calcs/4/addition/5" for 127.0.0.1 at 2019-03-04 11:59:18 +0900
Processing by CalcsController#addition as HTML
  Parameters: {"number_one"=>"4", "number_two"=>"5"}
  Rendering calcs/addition.html.erb within layouts/application
  Rendered calcs/addition.html.erb within layouts/application (0.3ms)
Completed 200 OK in 18ms (Views: 15.7ms | ActiveRecord: 0.0ms)


Started GET "/calcs/4/addition/5" for 127.0.0.1 at 2019-03-04 11:59:18 +0900
Processing by CalcsController#addition as HTML
  Parameters: {"number_one"=>"4", "number_two"=>"5"}
  Rendering calcs/addition.html.erb within layouts/application
  Rendered calcs/addition.html.erb within layouts/application (0.3ms)
Completed 200 OK in 19ms (Views: 16.3ms | ActiveRecord: 0.0ms)


Started GET "/calcs/4/addition/5" for 127.0.0.1 at 2019-03-04 11:59:43 +0900
Processing by CalcsController#addition as HTML
  Parameters: {"number_one"=>"4", "number_two"=>"5"}
  Rendering calcs/addition.html.erb within layouts/application
  Rendered calcs/addition.html.erb within layouts/application (0.3ms)
Completed 200 OK in 17ms (Views: 14.5ms | ActiveRecord: 0.0ms)


Started GET "/calcs/4/addition/5" for 127.0.0.1 at 2019-03-04 12:00:19 +0900
Processing by CalcsController#addition as HTML
  Parameters: {"number_one"=>"4", "number_two"=>"5"}
  Rendering calcs/addition.html.erb within layouts/application
  Rendered calcs/addition.html.erb within layouts/application (0.3ms)
Completed 200 OK in 23ms (Views: 20.8ms | ActiveRecord: 0.0ms)


Started GET "/calcs/4/addition/5" for 127.0.0.1 at 2019-03-04 12:01:01 +0900
Processing by CalcsController#addition as HTML
  Parameters: {"number_one"=>"4", "number_two"=>"5"}
  Rendering calcs/addition.html.erb within layouts/application
  Rendered calcs/addition.html.erb within layouts/application (0.4ms)
Completed 200 OK in 23ms (Views: 20.8ms | ActiveRecord: 0.0ms)


Started GET "/calcs/4/addition/6" for 127.0.0.1 at 2019-03-04 12:01:05 +0900
Processing by CalcsController#addition as HTML
  Parameters: {"number_one"=>"4", "number_two"=>"6"}
  Rendering calcs/addition.html.erb within layouts/application
  Rendered calcs/addition.html.erb within layouts/application (0.4ms)
Completed 200 OK in 19ms (Views: 15.7ms | ActiveRecord: 0.0ms)


Started GET "/calcs/4/multiplication/6" for 127.0.0.1 at 2019-03-04 12:02:43 +0900
Processing by CalcsController#multiplication as HTML
  Parameters: {"number_one"=>"4", "number_two"=>"6"}
  Rendering calcs/multiplication.html.erb within layouts/application
  Rendered calcs/multiplication.html.erb within layouts/application (0.4ms)
Completed 200 OK in 22ms (Views: 19.4ms | ActiveRecord: 0.0ms)


Started GET "/calcs/4/subtraction/6" for 127.0.0.1 at 2019-03-04 12:03:04 +0900
Processing by CalcsController#subtraction as HTML
  Parameters: {"number_one"=>"4", "numbe_twor"=>"6"}
  Rendering calcs/subtraction.html.erb within layouts/application
  Rendered calcs/subtraction.html.erb within layouts/application (0.3ms)
Completed 200 OK in 17ms (Views: 14.9ms | ActiveRecord: 0.0ms)


Started GET "/calcs/4/subtraction/6" for 127.0.0.1 at 2019-03-04 12:03:28 +0900
Processing by CalcsController#subtraction as HTML
  Parameters: {"number_one"=>"4", "number_two"=>"6"}
  Rendering calcs/subtraction.html.erb within layouts/application
  Rendered calcs/subtraction.html.erb within layouts/application (0.4ms)
Completed 200 OK in 17ms (Views: 15.4ms | ActiveRecord: 0.0ms)


Started GET "/calcs/4/division/6" for 127.0.0.1 at 2019-03-04 12:03:46 +0900
Processing by CalcsController#division as HTML
  Parameters: {"number_one"=>"4", "number_two"=>"6"}
  Rendering calcs/division.html.erb within layouts/application
  Rendered calcs/division.html.erb within layouts/application (0.4ms)
Completed 200 OK in 20ms (Views: 16.7ms | ActiveRecord: 0.0ms)


Started GET "/" for 127.0.0.1 at 2019-03-05 12:58:46 +0900
Processing by Rails::WelcomeController#index as HTML
  Rendering vendor/bundle/ruby/2.5.0/gems/railties-5.2.1/lib/rails/templates/rails/welcome/index.html.erb
  Rendered vendor/bundle/ruby/2.5.0/gems/railties-5.2.1/lib/rails/templates/rails/welcome/index.html.erb (3.8ms)
Completed 200 OK in 21ms (Views: 9.3ms | ActiveRecord: 0.0ms)


Started GET "/5/addition/5" for 127.0.0.1 at 2019-03-05 12:59:07 +0900
  
ActionController::RoutingError (No route matches [GET] "/5/addition/5"):
  
vendor/bundle/ruby/2.5.0/gems/actionpack-5.2.1/lib/action_dispatch/middleware/debug_exceptions.rb:65:in `call'
vendor/bundle/ruby/2.5.0/gems/web-console-3.7.0/lib/web_console/middleware.rb:135:in `call_app'
vendor/bundle/ruby/2.5.0/gems/web-console-3.7.0/lib/web_console/middleware.rb:30:in `block in call'
vendor/bundle/ruby/2.5.0/gems/web-console-3.7.0/lib/web_console/middleware.rb:20:in `catch'
vendor/bundle/ruby/2.5.0/gems/web-console-3.7.0/lib/web_console/middleware.rb:20:in `call'
vendor/bundle/ruby/2.5.0/gems/actionpack-5.2.1/lib/action_dispatch/middleware/show_exceptions.rb:33:in `call'
vendor/bundle/ruby/2.5.0/gems/railties-5.2.1/lib/rails/rack/logger.rb:38:in `call_app'
vendor/bundle/ruby/2.5.0/gems/railties-5.2.1/lib/rails/rack/logger.rb:26:in `block in call'
vendor/bundle/ruby/2.5.0/gems/activesupport-5.2.1/lib/active_support/tagged_logging.rb:71:in `block in tagged'
vendor/bundle/ruby/2.5.0/gems/activesupport-5.2.1/lib/active_support/tagged_logging.rb:28:in `tagged'
vendor/bundle/ruby/2.5.0/gems/activesupport-5.2.1/lib/active_support/tagged_logging.rb:71:in `tagged'
vendor/bundle/ruby/2.5.0/gems/railties-5.2.1/lib/rails/rack/logger.rb:26:in `call'
vendor/bundle/ruby/2.5.0/gems/sprockets-rails-3.2.1/lib/sprockets/rails/quiet_assets.rb:13:in `call'
vendor/bundle/ruby/2.5.0/gems/actionpack-5.2.1/lib/action_dispatch/middleware/remote_ip.rb:81:in `call'
vendor/bundle/ruby/2.5.0/gems/actionpack-5.2.1/lib/action_dispatch/middleware/request_id.rb:27:in `call'
vendor/bundle/ruby/2.5.0/gems/rack-2.0.6/lib/rack/method_override.rb:22:in `call'
vendor/bundle/ruby/2.5.0/gems/rack-2.0.6/lib/rack/runtime.rb:22:in `call'
vendor/bundle/ruby/2.5.0/gems/activesupport-5.2.1/lib/active_support/cache/strategy/local_cache_middleware.rb:29:in `call'
vendor/bundle/ruby/2.5.0/gems/actionpack-5.2.1/lib/action_dispatch/middleware/executor.rb:14:in `call'
vendor/bundle/ruby/2.5.0/gems/actionpack-5.2.1/lib/action_dispatch/middleware/static.rb:127:in `call'
vendor/bundle/ruby/2.5.0/gems/rack-2.0.6/lib/rack/sendfile.rb:111:in `call'
vendor/bundle/ruby/2.5.0/gems/railties-5.2.1/lib/rails/engine.rb:524:in `call'
vendor/bundle/ruby/2.5.0/gems/puma-3.12.0/lib/puma/configuration.rb:225:in `call'
vendor/bundle/ruby/2.5.0/gems/puma-3.12.0/lib/puma/server.rb:658:in `handle_request'
vendor/bundle/ruby/2.5.0/gems/puma-3.12.0/lib/puma/server.rb:472:in `process_client'
vendor/bundle/ruby/2.5.0/gems/puma-3.12.0/lib/puma/server.rb:332:in `block in run'
vendor/bundle/ruby/2.5.0/gems/puma-3.12.0/lib/puma/thread_pool.rb:133:in `block in spawn_thread'
Started GET "/calc/5/addition/5" for 127.0.0.1 at 2019-03-05 12:59:27 +0900
  
ActionController::RoutingError (No route matches [GET] "/calc/5/addition/5"):
  
vendor/bundle/ruby/2.5.0/gems/actionpack-5.2.1/lib/action_dispatch/middleware/debug_exceptions.rb:65:in `call'
vendor/bundle/ruby/2.5.0/gems/web-console-3.7.0/lib/web_console/middleware.rb:135:in `call_app'
vendor/bundle/ruby/2.5.0/gems/web-console-3.7.0/lib/web_console/middleware.rb:30:in `block in call'
vendor/bundle/ruby/2.5.0/gems/web-console-3.7.0/lib/web_console/middleware.rb:20:in `catch'
vendor/bundle/ruby/2.5.0/gems/web-console-3.7.0/lib/web_console/middleware.rb:20:in `call'
vendor/bundle/ruby/2.5.0/gems/actionpack-5.2.1/lib/action_dispatch/middleware/show_exceptions.rb:33:in `call'
vendor/bundle/ruby/2.5.0/gems/railties-5.2.1/lib/rails/rack/logger.rb:38:in `call_app'
vendor/bundle/ruby/2.5.0/gems/railties-5.2.1/lib/rails/rack/logger.rb:26:in `block in call'
vendor/bundle/ruby/2.5.0/gems/activesupport-5.2.1/lib/active_support/tagged_logging.rb:71:in `block in tagged'
vendor/bundle/ruby/2.5.0/gems/activesupport-5.2.1/lib/active_support/tagged_logging.rb:28:in `tagged'
vendor/bundle/ruby/2.5.0/gems/activesupport-5.2.1/lib/active_support/tagged_logging.rb:71:in `tagged'
vendor/bundle/ruby/2.5.0/gems/railties-5.2.1/lib/rails/rack/logger.rb:26:in `call'
vendor/bundle/ruby/2.5.0/gems/sprockets-rails-3.2.1/lib/sprockets/rails/quiet_assets.rb:13:in `call'
vendor/bundle/ruby/2.5.0/gems/actionpack-5.2.1/lib/action_dispatch/middleware/remote_ip.rb:81:in `call'
vendor/bundle/ruby/2.5.0/gems/actionpack-5.2.1/lib/action_dispatch/middleware/request_id.rb:27:in `call'
vendor/bundle/ruby/2.5.0/gems/rack-2.0.6/lib/rack/method_override.rb:22:in `call'
vendor/bundle/ruby/2.5.0/gems/rack-2.0.6/lib/rack/runtime.rb:22:in `call'
vendor/bundle/ruby/2.5.0/gems/activesupport-5.2.1/lib/active_support/cache/strategy/local_cache_middleware.rb:29:in `call'
vendor/bundle/ruby/2.5.0/gems/actionpack-5.2.1/lib/action_dispatch/middleware/executor.rb:14:in `call'
vendor/bundle/ruby/2.5.0/gems/actionpack-5.2.1/lib/action_dispatch/middleware/static.rb:127:in `call'
vendor/bundle/ruby/2.5.0/gems/rack-2.0.6/lib/rack/sendfile.rb:111:in `call'
vendor/bundle/ruby/2.5.0/gems/railties-5.2.1/lib/rails/engine.rb:524:in `call'
vendor/bundle/ruby/2.5.0/gems/puma-3.12.0/lib/puma/configuration.rb:225:in `call'
vendor/bundle/ruby/2.5.0/gems/puma-3.12.0/lib/puma/server.rb:658:in `handle_request'
vendor/bundle/ruby/2.5.0/gems/puma-3.12.0/lib/puma/server.rb:472:in `process_client'
vendor/bundle/ruby/2.5.0/gems/puma-3.12.0/lib/puma/server.rb:332:in `block in run'
vendor/bundle/ruby/2.5.0/gems/puma-3.12.0/lib/puma/thread_pool.rb:133:in `block in spawn_thread'
Started GET "/calcs/5/addition/5" for 127.0.0.1 at 2019-03-05 12:59:37 +0900
Processing by CalcsController#show as HTML
  Parameters: {"number_one"=>"5", "calc"=>"addition", "number_two"=>"5"}
  Rendering calcs/show.html.erb within layouts/application
  Rendered calcs/show.html.erb within layouts/application (0.3ms)
Completed 200 OK in 187ms (Views: 184.3ms | ActiveRecord: 0.0ms)


Started GET "/calcs/5/sbutraction/5" for 127.0.0.1 at 2019-03-05 12:59:57 +0900
Processing by CalcsController#show as HTML
  Parameters: {"number_one"=>"5", "calc"=>"sbutraction", "number_two"=>"5"}
  Rendering calcs/show.html.erb within layouts/application
  Rendered calcs/show.html.erb within layouts/application (0.3ms)
Completed 200 OK in 17ms (Views: 14.5ms | ActiveRecord: 0.0ms)


Started GET "/calcs/5/subtraction/5" for 127.0.0.1 at 2019-03-05 13:00:02 +0900
Processing by CalcsController#show as HTML
  Parameters: {"number_one"=>"5", "calc"=>"subtraction", "number_two"=>"5"}
  Rendering calcs/show.html.erb within layouts/application
  Rendered calcs/show.html.erb within layouts/application (0.3ms)
Completed 200 OK in 18ms (Views: 15.7ms | ActiveRecord: 0.0ms)


Started GET "/calcs/5/multiplication/5" for 127.0.0.1 at 2019-03-05 13:02:35 +0900
Processing by CalcsController#show as HTML
  Parameters: {"number_one"=>"5", "calc"=>"multiplication", "number_two"=>"5"}
  Rendering calcs/show.html.erb within layouts/application
  Rendered calcs/show.html.erb within layouts/application (0.3ms)
Completed 200 OK in 23ms (Views: 21.1ms | ActiveRecord: 0.0ms)


Started GET "/calcs/5/division/5" for 127.0.0.1 at 2019-03-05 13:02:45 +0900
Processing by CalcsController#show as HTML
  Parameters: {"number_one"=>"5", "calc"=>"division", "number_two"=>"5"}
  Rendering calcs/show.html.erb within layouts/application
  Rendered calcs/show.html.erb within layouts/application (0.3ms)
Completed 200 OK in 21ms (Views: 18.0ms | ActiveRecord: 0.0ms)


Started GET "/" for 127.0.0.1 at 2019-03-05 13:50:39 +0900
Processing by Rails::WelcomeController#index as HTML
  Rendering vendor/bundle/ruby/2.5.0/gems/railties-5.2.1/lib/rails/templates/rails/welcome/index.html.erb
  Rendered vendor/bundle/ruby/2.5.0/gems/railties-5.2.1/lib/rails/templates/rails/welcome/index.html.erb (2.8ms)
Completed 200 OK in 21ms (Views: 9.2ms | ActiveRecord: 0.0ms)


Started GET "/calc/4/addition/5" for 127.0.0.1 at 2019-03-05 13:51:02 +0900
Processing by CalcsController#show as HTML
  Parameters: {"number_one"=>"4", "calculation"=>"addition", "number_two"=>"5"}
  Rendering calcs/show.html.erb within layouts/application
  Rendered calcs/show.html.erb within layouts/application (0.4ms)
Completed 200 OK in 220ms (Views: 217.6ms | ActiveRecord: 0.0ms)


Started GET "/calc/4/addition%20subtraction/5" for 127.0.0.1 at 2019-03-05 13:51:18 +0900
Processing by CalcsController#show as HTML
  Parameters: {"number_one"=>"4", "calculation"=>"addition subtraction", "number_two"=>"5"}
  Rendering calcs/show.html.erb within layouts/application
  Rendered calcs/show.html.erb within layouts/application (0.3ms)
Completed 200 OK in 16ms (Views: 14.2ms | ActiveRecord: 0.0ms)


Started GET "/calc/4/subtraction/5" for 127.0.0.1 at 2019-03-05 13:51:24 +0900
Processing by CalcsController#show as HTML
  Parameters: {"number_one"=>"4", "calculation"=>"subtraction", "number_two"=>"5"}
  Rendering calcs/show.html.erb within layouts/application
  Rendered calcs/show.html.erb within layouts/application (0.4ms)
Completed 200 OK in 17ms (Views: 14.4ms | ActiveRecord: 0.0ms)


